Analysis & Synthesis report for procesador
Mon Sep 18 19:12:54 2023
Quartus Prime Version 18.1.0 Build 625 09/12/2018 SJ Lite Edition


---------------------
; Table of Contents ;
---------------------
  1. Legal Notice
  2. Analysis & Synthesis Summary
  3. Analysis & Synthesis Settings
  4. Parallel Compilation
  5. Analysis & Synthesis Source Files Read
  6. Analysis & Synthesis Resource Usage Summary
  7. Analysis & Synthesis Resource Utilization by Entity
  8. Registers Removed During Synthesis
  9. General Register Statistics
 10. Post-Synthesis Netlist Statistics for Top Partition
 11. Elapsed Time Per Partition
 12. Analysis & Synthesis Messages



----------------
; Legal Notice ;
----------------
Copyright (C) 2018  Intel Corporation. All rights reserved.
Your use of Intel Corporation's design tools, logic functions 
and other software and tools, and its AMPP partner logic 
functions, and any output files from any of the foregoing 
(including device programming or simulation files), and any 
associated documentation or information are expressly subject 
to the terms and conditions of the Intel Program License 
Subscription Agreement, the Intel Quartus Prime License Agreement,
the Intel FPGA IP License Agreement, or other applicable license
agreement, including, without limitation, that your use is for
the sole purpose of programming logic devices manufactured by
Intel and sold by Intel or its authorized distributors.  Please
refer to the applicable agreement for further details.



+----------------------------------------------------------------------------------+
; Analysis & Synthesis Summary                                                     ;
+------------------------------------+---------------------------------------------+
; Analysis & Synthesis Status        ; Successful - Mon Sep 18 19:12:54 2023       ;
; Quartus Prime Version              ; 18.1.0 Build 625 09/12/2018 SJ Lite Edition ;
; Revision Name                      ; procesador                                  ;
; Top-level Entity Name              ; Procesador                                  ;
; Family                             ; Cyclone IV E                                ;
; Total logic elements               ; 193                                         ;
;     Total combinational functions  ; 185                                         ;
;     Dedicated logic registers      ; 37                                          ;
; Total registers                    ; 37                                          ;
; Total pins                         ; 35                                          ;
; Total virtual pins                 ; 0                                           ;
; Total memory bits                  ; 0                                           ;
; Embedded Multiplier 9-bit elements ; 0                                           ;
; Total PLLs                         ; 0                                           ;
+------------------------------------+---------------------------------------------+


+------------------------------------------------------------------------------------------------------------+
; Analysis & Synthesis Settings                                                                              ;
+------------------------------------------------------------------+--------------------+--------------------+
; Option                                                           ; Setting            ; Default Value      ;
+------------------------------------------------------------------+--------------------+--------------------+
; Device                                                           ; EP4CE6E22C7        ;                    ;
; Top-level entity name                                            ; Procesador         ; procesador         ;
; Family name                                                      ; Cyclone IV E       ; Cyclone V          ;
; Use smart compilation                                            ; Off                ; Off                ;
; Enable parallel Assembler and Timing Analyzer during compilation ; On                 ; On                 ;
; Enable compact report table                                      ; Off                ; Off                ;
; Restructure Multiplexers                                         ; Auto               ; Auto               ;
; Create Debugging Nodes for IP Cores                              ; Off                ; Off                ;
; Preserve fewer node names                                        ; On                 ; On                 ;
; Intel FPGA IP Evaluation Mode                                    ; Enable             ; Enable             ;
; Verilog Version                                                  ; Verilog_2001       ; Verilog_2001       ;
; VHDL Version                                                     ; VHDL_1993          ; VHDL_1993          ;
; State Machine Processing                                         ; Auto               ; Auto               ;
; Safe State Machine                                               ; Off                ; Off                ;
; Extract Verilog State Machines                                   ; On                 ; On                 ;
; Extract VHDL State Machines                                      ; On                 ; On                 ;
; Ignore Verilog initial constructs                                ; Off                ; Off                ;
; Iteration limit for constant Verilog loops                       ; 5000               ; 5000               ;
; Iteration limit for non-constant Verilog loops                   ; 250                ; 250                ;
; Add Pass-Through Logic to Inferred RAMs                          ; On                 ; On                 ;
; Infer RAMs from Raw Logic                                        ; On                 ; On                 ;
; Parallel Synthesis                                               ; On                 ; On                 ;
; DSP Block Balancing                                              ; Auto               ; Auto               ;
; NOT Gate Push-Back                                               ; On                 ; On                 ;
; Power-Up Don't Care                                              ; On                 ; On                 ;
; Remove Redundant Logic Cells                                     ; Off                ; Off                ;
; Remove Duplicate Registers                                       ; On                 ; On                 ;
; Ignore CARRY Buffers                                             ; Off                ; Off                ;
; Ignore CASCADE Buffers                                           ; Off                ; Off                ;
; Ignore GLOBAL Buffers                                            ; Off                ; Off                ;
; Ignore ROW GLOBAL Buffers                                        ; Off                ; Off                ;
; Ignore LCELL Buffers                                             ; Off                ; Off                ;
; Ignore SOFT Buffers                                              ; On                 ; On                 ;
; Limit AHDL Integers to 32 Bits                                   ; Off                ; Off                ;
; Optimization Technique                                           ; Balanced           ; Balanced           ;
; Carry Chain Length                                               ; 70                 ; 70                 ;
; Auto Carry Chains                                                ; On                 ; On                 ;
; Auto Open-Drain Pins                                             ; On                 ; On                 ;
; Perform WYSIWYG Primitive Resynthesis                            ; Off                ; Off                ;
; Auto ROM Replacement                                             ; On                 ; On                 ;
; Auto RAM Replacement                                             ; On                 ; On                 ;
; Auto DSP Block Replacement                                       ; On                 ; On                 ;
; Auto Shift Register Replacement                                  ; Auto               ; Auto               ;
; Allow Shift Register Merging across Hierarchies                  ; Auto               ; Auto               ;
; Auto Clock Enable Replacement                                    ; On                 ; On                 ;
; Strict RAM Replacement                                           ; Off                ; Off                ;
; Allow Synchronous Control Signals                                ; On                 ; On                 ;
; Force Use of Synchronous Clear Signals                           ; Off                ; Off                ;
; Auto RAM Block Balancing                                         ; On                 ; On                 ;
; Auto RAM to Logic Cell Conversion                                ; Off                ; Off                ;
; Auto Resource Sharing                                            ; Off                ; Off                ;
; Allow Any RAM Size For Recognition                               ; Off                ; Off                ;
; Allow Any ROM Size For Recognition                               ; Off                ; Off                ;
; Allow Any Shift Register Size For Recognition                    ; Off                ; Off                ;
; Use LogicLock Constraints during Resource Balancing              ; On                 ; On                 ;
; Ignore translate_off and synthesis_off directives                ; Off                ; Off                ;
; Timing-Driven Synthesis                                          ; On                 ; On                 ;
; Report Parameter Settings                                        ; On                 ; On                 ;
; Report Source Assignments                                        ; On                 ; On                 ;
; Report Connectivity Checks                                       ; On                 ; On                 ;
; Ignore Maximum Fan-Out Assignments                               ; Off                ; Off                ;
; Synchronization Register Chain Length                            ; 2                  ; 2                  ;
; Power Optimization During Synthesis                              ; Normal compilation ; Normal compilation ;
; HDL message level                                                ; Level2             ; Level2             ;
; Suppress Register Optimization Related Messages                  ; Off                ; Off                ;
; Number of Removed Registers Reported in Synthesis Report         ; 5000               ; 5000               ;
; Number of Swept Nodes Reported in Synthesis Report               ; 5000               ; 5000               ;
; Number of Inverted Registers Reported in Synthesis Report        ; 100                ; 100                ;
; Clock MUX Protection                                             ; On                 ; On                 ;
; Auto Gated Clock Conversion                                      ; Off                ; Off                ;
; Block Design Naming                                              ; Auto               ; Auto               ;
; SDC constraint protection                                        ; Off                ; Off                ;
; Synthesis Effort                                                 ; Auto               ; Auto               ;
; Shift Register Replacement - Allow Asynchronous Clear Signal     ; On                 ; On                 ;
; Pre-Mapping Resynthesis Optimization                             ; Off                ; Off                ;
; Analysis & Synthesis Message Level                               ; Medium             ; Medium             ;
; Disable Register Merging Across Hierarchies                      ; Auto               ; Auto               ;
; Resource Aware Inference For Block RAM                           ; On                 ; On                 ;
+------------------------------------------------------------------+--------------------+--------------------+


+------------------------------------------+
; Parallel Compilation                     ;
+----------------------------+-------------+
; Processors                 ; Number      ;
+----------------------------+-------------+
; Number detected on machine ; 4           ;
; Maximum allowed            ; 2           ;
;                            ;             ;
; Average used               ; 1.00        ;
; Maximum used               ; 2           ;
;                            ;             ;
; Usage by Processor         ; % Time Used ;
;     Processor 1            ; 100.0%      ;
;     Processor 2            ;   0.0%      ;
+----------------------------+-------------+


+-------------------------------------------------------------------------------------------------------------------------------------------------+
; Analysis & Synthesis Source Files Read                                                                                                          ;
+----------------------------------+-----------------+------------------------------------+---------------------------------------------+---------+
; File Name with User-Entered Path ; Used in Netlist ; File Type                          ; File Name with Absolute Path                ; Library ;
+----------------------------------+-----------------+------------------------------------+---------------------------------------------+---------+
; SUMA1BIT.bdf                     ; yes             ; User Block Diagram/Schematic File  ; C:/Users/Miguel/Desktop/Pro/SUMA1BIT.bdf    ;         ;
; SUMA.bdf                         ; yes             ; User Block Diagram/Schematic File  ; C:/Users/Miguel/Desktop/Pro/SUMA.bdf        ;         ;
; ALU.bdf                          ; yes             ; User Block Diagram/Schematic File  ; C:/Users/Miguel/Desktop/Pro/ALU.bdf         ;         ;
; TRIEDO.bdf                       ; yes             ; User Block Diagram/Schematic File  ; C:/Users/Miguel/Desktop/Pro/TRIEDO.bdf      ;         ;
; COMPLE.bdf                       ; yes             ; User Block Diagram/Schematic File  ; C:/Users/Miguel/Desktop/Pro/COMPLE.bdf      ;         ;
; RESTA.bdf                        ; yes             ; User Block Diagram/Schematic File  ; C:/Users/Miguel/Desktop/Pro/RESTA.bdf       ;         ;
; Memoins.vhd                      ; yes             ; User VHDL File                     ; C:/Users/Miguel/Desktop/Pro/Memoins.vhd     ;         ;
; memodatos.vhd                    ; yes             ; User VHDL File                     ; C:/Users/Miguel/Desktop/Pro/memodatos.vhd   ;         ;
; F-OR.bdf                         ; yes             ; User Block Diagram/Schematic File  ; C:/Users/Miguel/Desktop/Pro/F-OR.bdf        ;         ;
; F-XOR.bdf                        ; yes             ; User Block Diagram/Schematic File  ; C:/Users/Miguel/Desktop/Pro/F-XOR.bdf       ;         ;
; F-OT.bdf                         ; yes             ; User Block Diagram/Schematic File  ; C:/Users/Miguel/Desktop/Pro/F-OT.bdf        ;         ;
; LOAD.bdf                         ; yes             ; User Block Diagram/Schematic File  ; C:/Users/Miguel/Desktop/Pro/LOAD.bdf        ;         ;
; NO-OP.bdf                        ; yes             ; User Block Diagram/Schematic File  ; C:/Users/Miguel/Desktop/Pro/NO-OP.bdf       ;         ;
; reset.bdf                        ; yes             ; User Block Diagram/Schematic File  ; C:/Users/Miguel/Desktop/Pro/reset.bdf       ;         ;
; cp.bdf                           ; yes             ; User Block Diagram/Schematic File  ; C:/Users/Miguel/Desktop/Pro/cp.bdf          ;         ;
; REGPRO.bdf                       ; yes             ; User Block Diagram/Schematic File  ; C:/Users/Miguel/Desktop/Pro/REGPRO.bdf      ;         ;
; GCM.bdf                          ; yes             ; User Block Diagram/Schematic File  ; C:/Users/Miguel/Desktop/Pro/GCM.bdf         ;         ;
; DECO.bdf                         ; yes             ; User Block Diagram/Schematic File  ; C:/Users/Miguel/Desktop/Pro/DECO.bdf        ;         ;
; CORRI.bdf                        ; yes             ; User Block Diagram/Schematic File  ; C:/Users/Miguel/Desktop/Pro/CORRI.bdf       ;         ;
; DIV.bdf                          ; yes             ; User Block Diagram/Schematic File  ; C:/Users/Miguel/Desktop/Pro/DIV.bdf         ;         ;
; CORR1.bdf                        ; yes             ; User Block Diagram/Schematic File  ; C:/Users/Miguel/Desktop/Pro/CORR1.bdf       ;         ;
; CORR2.bdf                        ; yes             ; User Block Diagram/Schematic File  ; C:/Users/Miguel/Desktop/Pro/CORR2.bdf       ;         ;
; CORR3.bdf                        ; yes             ; User Block Diagram/Schematic File  ; C:/Users/Miguel/Desktop/Pro/CORR3.bdf       ;         ;
; CORR4.bdf                        ; yes             ; User Block Diagram/Schematic File  ; C:/Users/Miguel/Desktop/Pro/CORR4.bdf       ;         ;
; CORR5.bdf                        ; yes             ; User Block Diagram/Schematic File  ; C:/Users/Miguel/Desktop/Pro/CORR5.bdf       ;         ;
; CORR6.bdf                        ; yes             ; User Block Diagram/Schematic File  ; C:/Users/Miguel/Desktop/Pro/CORR6.bdf       ;         ;
; CORR7.bdf                        ; yes             ; User Block Diagram/Schematic File  ; C:/Users/Miguel/Desktop/Pro/CORR7.bdf       ;         ;
; CORRIMIENTO.bdf                  ; yes             ; User Block Diagram/Schematic File  ; C:/Users/Miguel/Desktop/Pro/CORRIMIENTO.bdf ;         ;
; DIVCOMPL.bdf                     ; yes             ; User Block Diagram/Schematic File  ; C:/Users/Miguel/Desktop/Pro/DIVCOMPL.bdf    ;         ;
; F-AND.bdf                        ; yes             ; User Block Diagram/Schematic File  ; C:/Users/Miguel/Desktop/Pro/F-AND.bdf       ;         ;
; Procesador.bdf                   ; yes             ; User Block Diagram/Schematic File  ; C:/Users/Miguel/Desktop/Pro/Procesador.bdf  ;         ;
+----------------------------------+-----------------+------------------------------------+---------------------------------------------+---------+


+----------------------------------------------------------------------------+
; Analysis & Synthesis Resource Usage Summary                                ;
+---------------------------------------------+------------------------------+
; Resource                                    ; Usage                        ;
+---------------------------------------------+------------------------------+
; Estimated Total logic elements              ; 193                          ;
;                                             ;                              ;
; Total combinational functions               ; 185                          ;
; Logic element usage by number of LUT inputs ;                              ;
;     -- 4 input functions                    ; 133                          ;
;     -- 3 input functions                    ; 27                           ;
;     -- <=2 input functions                  ; 25                           ;
;                                             ;                              ;
; Logic elements by mode                      ;                              ;
;     -- normal mode                          ; 185                          ;
;     -- arithmetic mode                      ; 0                            ;
;                                             ;                              ;
; Total registers                             ; 37                           ;
;     -- Dedicated logic registers            ; 37                           ;
;     -- I/O registers                        ; 0                            ;
;                                             ;                              ;
; I/O pins                                    ; 35                           ;
;                                             ;                              ;
; Embedded Multiplier 9-bit elements          ; 0                            ;
;                                             ;                              ;
; Maximum fan-out node                        ; ALU:instAL|DECO:instW|inst~0 ;
; Maximum fan-out                             ; 35                           ;
; Total fan-out                               ; 822                          ;
; Average fan-out                             ; 2.82                         ;
+---------------------------------------------+------------------------------+


+-------------------------------------------------------------------------------------------------------------------------------------------------------------------------------------------------------------------------------------------------------+
; Analysis & Synthesis Resource Utilization by Entity                                                                                                                                                                                                   ;
+------------------------------+---------------------+---------------------------+-------------+--------------+---------+-----------+------+--------------+----------------------------------------------------------------+-------------+--------------+
; Compilation Hierarchy Node   ; Combinational ALUTs ; Dedicated Logic Registers ; Memory Bits ; DSP Elements ; DSP 9x9 ; DSP 18x18 ; Pins ; Virtual Pins ; Full Hierarchy Name                                            ; Entity Name ; Library Name ;
+------------------------------+---------------------+---------------------------+-------------+--------------+---------+-----------+------+--------------+----------------------------------------------------------------+-------------+--------------+
; |Procesador                  ; 185 (0)             ; 37 (0)                    ; 0           ; 0            ; 0       ; 0         ; 35   ; 0            ; |Procesador                                                    ; Procesador  ; work         ;
;    |ALU:instAL|              ; 149 (0)             ; 0 (0)                     ; 0           ; 0            ; 0       ; 0         ; 0    ; 0            ; |Procesador|ALU:instAL                                         ; ALU         ; work         ;
;       |CORRIMIENTO:inst11|   ; 33 (0)              ; 0 (0)                     ; 0           ; 0            ; 0       ; 0         ; 0    ; 0            ; |Procesador|ALU:instAL|CORRIMIENTO:inst11                      ; CORRIMIENTO ; work         ;
;          |CORRI:inst3|       ; 10 (10)             ; 0 (0)                     ; 0           ; 0            ; 0       ; 0         ; 0    ; 0            ; |Procesador|ALU:instAL|CORRIMIENTO:inst11|CORRI:inst3          ; CORRI       ; work         ;
;          |TRIEDO:inst15|     ; 22 (22)             ; 0 (0)                     ; 0           ; 0            ; 0       ; 0         ; 0    ; 0            ; |Procesador|ALU:instAL|CORRIMIENTO:inst11|TRIEDO:inst15        ; TRIEDO      ; work         ;
;          |TRIEDO:inst2|      ; 1 (1)               ; 0 (0)                     ; 0           ; 0            ; 0       ; 0         ; 0    ; 0            ; |Procesador|ALU:instAL|CORRIMIENTO:inst11|TRIEDO:inst2         ; TRIEDO      ; work         ;
;       |DECO:instW|           ; 11 (11)             ; 0 (0)                     ; 0           ; 0            ; 0       ; 0         ; 0    ; 0            ; |Procesador|ALU:instAL|DECO:instW                              ; DECO        ; work         ;
;       |DIVCOMPL:inst4|       ; 25 (0)              ; 0 (0)                     ; 0           ; 0            ; 0       ; 0         ; 0    ; 0            ; |Procesador|ALU:instAL|DIVCOMPL:inst4                          ; DIVCOMPL    ; work         ;
;          |DIV:inst16|        ; 3 (3)               ; 0 (0)                     ; 0           ; 0            ; 0       ; 0         ; 0    ; 0            ; |Procesador|ALU:instAL|DIVCOMPL:inst4|DIV:inst16               ; DIV         ; work         ;
;          |TRIEDO:inst10|     ; 2 (2)               ; 0 (0)                     ; 0           ; 0            ; 0       ; 0         ; 0    ; 0            ; |Procesador|ALU:instAL|DIVCOMPL:inst4|TRIEDO:inst10            ; TRIEDO      ; work         ;
;          |TRIEDO:inst11|     ; 1 (1)               ; 0 (0)                     ; 0           ; 0            ; 0       ; 0         ; 0    ; 0            ; |Procesador|ALU:instAL|DIVCOMPL:inst4|TRIEDO:inst11            ; TRIEDO      ; work         ;
;          |TRIEDO:inst15|     ; 15 (15)             ; 0 (0)                     ; 0           ; 0            ; 0       ; 0         ; 0    ; 0            ; |Procesador|ALU:instAL|DIVCOMPL:inst4|TRIEDO:inst15            ; TRIEDO      ; work         ;
;          |TRIEDO:inst2|      ; 3 (3)               ; 0 (0)                     ; 0           ; 0            ; 0       ; 0         ; 0    ; 0            ; |Procesador|ALU:instAL|DIVCOMPL:inst4|TRIEDO:inst2             ; TRIEDO      ; work         ;
;          |TRIEDO:inst9|      ; 1 (1)               ; 0 (0)                     ; 0           ; 0            ; 0       ; 0         ; 0    ; 0            ; |Procesador|ALU:instAL|DIVCOMPL:inst4|TRIEDO:inst9             ; TRIEDO      ; work         ;
;       |F-OR:inst2|           ; 1 (0)               ; 0 (0)                     ; 0           ; 0            ; 0       ; 0         ; 0    ; 0            ; |Procesador|ALU:instAL|F-OR:inst2                              ; F-OR        ; work         ;
;          |TRIEDO:instX|      ; 1 (1)               ; 0 (0)                     ; 0           ; 0            ; 0       ; 0         ; 0    ; 0            ; |Procesador|ALU:instAL|F-OR:inst2|TRIEDO:instX                 ; TRIEDO      ; work         ;
;       |F-XOR:inst5|          ; 3 (3)               ; 0 (0)                     ; 0           ; 0            ; 0       ; 0         ; 0    ; 0            ; |Procesador|ALU:instAL|F-XOR:inst5                             ; F-XOR       ; work         ;
;       |NO-OP:inst6|          ; 52 (0)              ; 0 (0)                     ; 0           ; 0            ; 0       ; 0         ; 0    ; 0            ; |Procesador|ALU:instAL|NO-OP:inst6                             ; NO-OP       ; work         ;
;          |TRIEDO:instX|      ; 52 (52)             ; 0 (0)                     ; 0           ; 0            ; 0       ; 0         ; 0    ; 0            ; |Procesador|ALU:instAL|NO-OP:inst6|TRIEDO:instX                ; TRIEDO      ; work         ;
;       |RESTA:instR|          ; 15 (0)              ; 0 (0)                     ; 0           ; 0            ; 0       ; 0         ; 0    ; 0            ; |Procesador|ALU:instAL|RESTA:instR                             ; RESTA       ; work         ;
;          |COMPLE:inst1|      ; 4 (0)               ; 0 (0)                     ; 0           ; 0            ; 0       ; 0         ; 0    ; 0            ; |Procesador|ALU:instAL|RESTA:instR|COMPLE:inst1                ; COMPLE      ; work         ;
;             |SUMA1BIT:inst1| ; 1 (1)               ; 0 (0)                     ; 0           ; 0            ; 0       ; 0         ; 0    ; 0            ; |Procesador|ALU:instAL|RESTA:instR|COMPLE:inst1|SUMA1BIT:inst1 ; SUMA1BIT    ; work         ;
;             |SUMA1BIT:inst2| ; 1 (1)               ; 0 (0)                     ; 0           ; 0            ; 0       ; 0         ; 0    ; 0            ; |Procesador|ALU:instAL|RESTA:instR|COMPLE:inst1|SUMA1BIT:inst2 ; SUMA1BIT    ; work         ;
;             |SUMA1BIT:inst3| ; 1 (1)               ; 0 (0)                     ; 0           ; 0            ; 0       ; 0         ; 0    ; 0            ; |Procesador|ALU:instAL|RESTA:instR|COMPLE:inst1|SUMA1BIT:inst3 ; SUMA1BIT    ; work         ;
;             |SUMA1BIT:inst4| ; 1 (1)               ; 0 (0)                     ; 0           ; 0            ; 0       ; 0         ; 0    ; 0            ; |Procesador|ALU:instAL|RESTA:instR|COMPLE:inst1|SUMA1BIT:inst4 ; SUMA1BIT    ; work         ;
;          |SUMA:inst|         ; 11 (0)              ; 0 (0)                     ; 0           ; 0            ; 0       ; 0         ; 0    ; 0            ; |Procesador|ALU:instAL|RESTA:instR|SUMA:inst                   ; SUMA        ; work         ;
;             |SUMA1BIT:inst1| ; 2 (2)               ; 0 (0)                     ; 0           ; 0            ; 0       ; 0         ; 0    ; 0            ; |Procesador|ALU:instAL|RESTA:instR|SUMA:inst|SUMA1BIT:inst1    ; SUMA1BIT    ; work         ;
;             |SUMA1BIT:inst2| ; 1 (1)               ; 0 (0)                     ; 0           ; 0            ; 0       ; 0         ; 0    ; 0            ; |Procesador|ALU:instAL|RESTA:instR|SUMA:inst|SUMA1BIT:inst2    ; SUMA1BIT    ; work         ;
;             |SUMA1BIT:inst3| ; 1 (1)               ; 0 (0)                     ; 0           ; 0            ; 0       ; 0         ; 0    ; 0            ; |Procesador|ALU:instAL|RESTA:instR|SUMA:inst|SUMA1BIT:inst3    ; SUMA1BIT    ; work         ;
;             |SUMA1BIT:inst4| ; 1 (1)               ; 0 (0)                     ; 0           ; 0            ; 0       ; 0         ; 0    ; 0            ; |Procesador|ALU:instAL|RESTA:instR|SUMA:inst|SUMA1BIT:inst4    ; SUMA1BIT    ; work         ;
;             |SUMA1BIT:inst5| ; 1 (1)               ; 0 (0)                     ; 0           ; 0            ; 0       ; 0         ; 0    ; 0            ; |Procesador|ALU:instAL|RESTA:instR|SUMA:inst|SUMA1BIT:inst5    ; SUMA1BIT    ; work         ;
;             |SUMA1BIT:inst7| ; 2 (2)               ; 0 (0)                     ; 0           ; 0            ; 0       ; 0         ; 0    ; 0            ; |Procesador|ALU:instAL|RESTA:instR|SUMA:inst|SUMA1BIT:inst7    ; SUMA1BIT    ; work         ;
;             |TRIEDO:instX|   ; 3 (3)               ; 0 (0)                     ; 0           ; 0            ; 0       ; 0         ; 0    ; 0            ; |Procesador|ALU:instAL|RESTA:instR|SUMA:inst|TRIEDO:instX      ; TRIEDO      ; work         ;
;       |SUMA:instY|           ; 9 (0)               ; 0 (0)                     ; 0           ; 0            ; 0       ; 0         ; 0    ; 0            ; |Procesador|ALU:instAL|SUMA:instY                              ; SUMA        ; work         ;
;          |SUMA1BIT:inst1|    ; 1 (1)               ; 0 (0)                     ; 0           ; 0            ; 0       ; 0         ; 0    ; 0            ; |Procesador|ALU:instAL|SUMA:instY|SUMA1BIT:inst1               ; SUMA1BIT    ; work         ;
;          |SUMA1BIT:inst2|    ; 1 (1)               ; 0 (0)                     ; 0           ; 0            ; 0       ; 0         ; 0    ; 0            ; |Procesador|ALU:instAL|SUMA:instY|SUMA1BIT:inst2               ; SUMA1BIT    ; work         ;
;          |SUMA1BIT:inst3|    ; 1 (1)               ; 0 (0)                     ; 0           ; 0            ; 0       ; 0         ; 0    ; 0            ; |Procesador|ALU:instAL|SUMA:instY|SUMA1BIT:inst3               ; SUMA1BIT    ; work         ;
;          |SUMA1BIT:inst4|    ; 1 (1)               ; 0 (0)                     ; 0           ; 0            ; 0       ; 0         ; 0    ; 0            ; |Procesador|ALU:instAL|SUMA:instY|SUMA1BIT:inst4               ; SUMA1BIT    ; work         ;
;          |SUMA1BIT:inst5|    ; 2 (2)               ; 0 (0)                     ; 0           ; 0            ; 0       ; 0         ; 0    ; 0            ; |Procesador|ALU:instAL|SUMA:instY|SUMA1BIT:inst5               ; SUMA1BIT    ; work         ;
;          |TRIEDO:instX|      ; 3 (3)               ; 0 (0)                     ; 0           ; 0            ; 0       ; 0         ; 0    ; 0            ; |Procesador|ALU:instAL|SUMA:instY|TRIEDO:instX                 ; TRIEDO      ; work         ;
;    |GCM:inst5|               ; 8 (8)               ; 3 (3)                     ; 0           ; 0            ; 0       ; 0         ; 0    ; 0            ; |Procesador|GCM:inst5                                          ; GCM         ; work         ;
;    |Memoins:inst3|           ; 8 (8)               ; 0 (0)                     ; 0           ; 0            ; 0       ; 0         ; 0    ; 0            ; |Procesador|Memoins:inst3                                      ; Memoins     ; work         ;
;    |REGPRO:inst16|           ; 0 (0)               ; 4 (4)                     ; 0           ; 0            ; 0       ; 0         ; 0    ; 0            ; |Procesador|REGPRO:inst16                                      ; REGPRO      ; work         ;
;    |REGPRO:inst17|           ; 0 (0)               ; 8 (8)                     ; 0           ; 0            ; 0       ; 0         ; 0    ; 0            ; |Procesador|REGPRO:inst17                                      ; REGPRO      ; work         ;
;    |REGPRO:inst18|           ; 0 (0)               ; 8 (8)                     ; 0           ; 0            ; 0       ; 0         ; 0    ; 0            ; |Procesador|REGPRO:inst18                                      ; REGPRO      ; work         ;
;    |REGPRO:inst|             ; 0 (0)               ; 6 (6)                     ; 0           ; 0            ; 0       ; 0         ; 0    ; 0            ; |Procesador|REGPRO:inst                                        ; REGPRO      ; work         ;
;    |cp:instA|                ; 8 (8)               ; 8 (8)                     ; 0           ; 0            ; 0       ; 0         ; 0    ; 0            ; |Procesador|cp:instA                                           ; cp          ; work         ;
;    |memodatos:inst4|         ; 12 (12)             ; 0 (0)                     ; 0           ; 0            ; 0       ; 0         ; 0    ; 0            ; |Procesador|memodatos:inst4                                    ; memodatos   ; work         ;
+------------------------------+---------------------+---------------------------+-------------+--------------+---------+-----------+------+--------------+----------------------------------------------------------------+-------------+--------------+
Note: For table entries with two numbers listed, the numbers in parentheses indicate the number of resources of the given type used by the specific entity alone. The numbers listed outside of parentheses indicate the total resources of the given type used by the specific entity and all of its sub-entities in the hierarchy.


+--------------------------------------------------------------------------------+
; Registers Removed During Synthesis                                             ;
+---------------------------------------+----------------------------------------+
; Register name                         ; Reason for Removal                     ;
+---------------------------------------+----------------------------------------+
; REGPRO:inst16|inst21                  ; Stuck at GND due to stuck port data_in ;
; REGPRO:inst16|inst22                  ; Stuck at GND due to stuck port data_in ;
; REGPRO:inst16|inst19                  ; Stuck at GND due to stuck port data_in ;
; REGPRO:inst16|inst20                  ; Stuck at GND due to stuck port data_in ;
; REGPRO:inst|inst21                    ; Merged with REGPRO:inst|inst20         ;
; REGPRO:inst|inst22                    ; Merged with REGPRO:inst|inst20         ;
; Total Number of Removed Registers = 6 ;                                        ;
+---------------------------------------+----------------------------------------+


+------------------------------------------------------+
; General Register Statistics                          ;
+----------------------------------------------+-------+
; Statistic                                    ; Value ;
+----------------------------------------------+-------+
; Total registers                              ; 37    ;
; Number of registers using Synchronous Clear  ; 0     ;
; Number of registers using Synchronous Load   ; 0     ;
; Number of registers using Asynchronous Clear ; 34    ;
; Number of registers using Asynchronous Load  ; 0     ;
; Number of registers using Clock Enable       ; 0     ;
; Number of registers using Preset             ; 0     ;
+----------------------------------------------+-------+


+-----------------------------------------------------+
; Post-Synthesis Netlist Statistics for Top Partition ;
+-----------------------+-----------------------------+
; Type                  ; Count                       ;
+-----------------------+-----------------------------+
; boundary_port         ; 35                          ;
; cycloneiii_ff         ; 37                          ;
;     CLR               ; 34                          ;
;     plain             ; 3                           ;
; cycloneiii_io_obuf    ; 1                           ;
; cycloneiii_lcell_comb ; 186                         ;
;     normal            ; 186                         ;
;         0 data inputs ; 1                           ;
;         1 data inputs ; 9                           ;
;         2 data inputs ; 16                          ;
;         3 data inputs ; 27                          ;
;         4 data inputs ; 133                         ;
;                       ;                             ;
; Max LUT depth         ; 8.00                        ;
; Average LUT depth     ; 4.53                        ;
+-----------------------+-----------------------------+


+-------------------------------+
; Elapsed Time Per Partition    ;
+----------------+--------------+
; Partition Name ; Elapsed Time ;
+----------------+--------------+
; Top            ; 00:00:02     ;
+----------------+--------------+


+-------------------------------+
; Analysis & Synthesis Messages ;
+-------------------------------+
Info: *******************************************************************
Info: Running Quartus Prime Analysis & Synthesis
    Info: Version 18.1.0 Build 625 09/12/2018 SJ Lite Edition
    Info: Processing started: Mon Sep 18 19:12:27 2023
Info: Command: quartus_map --read_settings_files=on --write_settings_files=off procesador -c procesador
Warning (18236): Number of processors has not been specified which may cause overloading on shared machines.  Set the global assignment NUM_PARALLEL_PROCESSORS in your QSF to an appropriate value for best performance.
Info (20030): Parallel compilation is enabled and will use 2 of the 2 processors detected
Info (12021): Found 1 design units, including 1 entities, in source file suma1bit.bdf
    Info (12023): Found entity 1: SUMA1BIT
Info (12021): Found 1 design units, including 1 entities, in source file suma.bdf
    Info (12023): Found entity 1: SUMA
Info (12021): Found 1 design units, including 1 entities, in source file alu.bdf
    Info (12023): Found entity 1: ALU
Info (12021): Found 1 design units, including 1 entities, in source file triedo.bdf
    Info (12023): Found entity 1: TRIEDO
Info (12021): Found 1 design units, including 1 entities, in source file comple.bdf
    Info (12023): Found entity 1: COMPLE
Info (12021): Found 1 design units, including 1 entities, in source file resta.bdf
    Info (12023): Found entity 1: RESTA
Info (12021): Found 2 design units, including 1 entities, in source file memoins.vhd
    Info (12022): Found design unit 1: Memoins-F_Mem File: C:/Users/Miguel/Desktop/Pro/Memoins.vhd Line: 10
    Info (12023): Found entity 1: Memoins File: C:/Users/Miguel/Desktop/Pro/Memoins.vhd Line: 4
Info (12021): Found 2 design units, including 1 entities, in source file memodatos.vhd
    Info (12022): Found design unit 1: memodatos-F_Mem File: C:/Users/Miguel/Desktop/Pro/memodatos.vhd Line: 10
    Info (12023): Found entity 1: memodatos File: C:/Users/Miguel/Desktop/Pro/memodatos.vhd Line: 4
Info (12021): Found 1 design units, including 1 entities, in source file f-or.bdf
    Info (12023): Found entity 1: F-OR
Info (12021): Found 1 design units, including 1 entities, in source file f-xor.bdf
    Info (12023): Found entity 1: F-XOR
Info (12021): Found 1 design units, including 1 entities, in source file f-ot.bdf
    Info (12023): Found entity 1: F-OT
Info (12021): Found 1 design units, including 1 entities, in source file load.bdf
    Info (12023): Found entity 1: LOAD
Info (12021): Found 1 design units, including 1 entities, in source file no-op.bdf
    Info (12023): Found entity 1: NO-OP
Info (12021): Found 1 design units, including 1 entities, in source file reset.bdf
    Info (12023): Found entity 1: reset
Info (12021): Found 1 design units, including 1 entities, in source file cp.bdf
    Info (12023): Found entity 1: cp
Info (12021): Found 1 design units, including 1 entities, in source file regpro.bdf
    Info (12023): Found entity 1: REGPRO
Info (12021): Found 1 design units, including 1 entities, in source file gcm.bdf
    Info (12023): Found entity 1: GCM
Info (12021): Found 1 design units, including 1 entities, in source file deco.bdf
    Info (12023): Found entity 1: DECO
Info (12021): Found 1 design units, including 1 entities, in source file corri.bdf
    Info (12023): Found entity 1: CORRI
Info (12021): Found 1 design units, including 1 entities, in source file div.bdf
    Info (12023): Found entity 1: DIV
Info (12021): Found 1 design units, including 1 entities, in source file corr1.bdf
    Info (12023): Found entity 1: CORR1
Info (12021): Found 1 design units, including 1 entities, in source file corr2.bdf
    Info (12023): Found entity 1: CORR2
Info (12021): Found 1 design units, including 1 entities, in source file corr3.bdf
    Info (12023): Found entity 1: CORR3
Info (12021): Found 1 design units, including 1 entities, in source file corr4.bdf
    Info (12023): Found entity 1: CORR4
Info (12021): Found 1 design units, including 1 entities, in source file corr5.bdf
    Info (12023): Found entity 1: CORR5
Info (12021): Found 1 design units, including 1 entities, in source file corr6.bdf
    Info (12023): Found entity 1: CORR6
Info (12021): Found 1 design units, including 1 entities, in source file corr7.bdf
    Info (12023): Found entity 1: CORR7
Info (12021): Found 1 design units, including 1 entities, in source file corrimiento.bdf
    Info (12023): Found entity 1: CORRIMIENTO
Info (12021): Found 1 design units, including 1 entities, in source file divcompl.bdf
    Info (12023): Found entity 1: DIVCOMPL
Info (12021): Found 1 design units, including 1 entities, in source file f-and.bdf
    Info (12023): Found entity 1: F-AND
Info (12021): Found 1 design units, including 1 entities, in source file procesador.bdf
    Info (12023): Found entity 1: Procesador
Info (12127): Elaborating entity "Procesador" for the top level hierarchy
Warning (275043): Pin "PREBA" is missing source
Info (12128): Elaborating entity "ALU" for hierarchy "ALU:instAL"
Info (12128): Elaborating entity "reset" for hierarchy "ALU:instAL|reset:inst7"
Info (12128): Elaborating entity "DECO" for hierarchy "ALU:instAL|DECO:instW"
Info (12128): Elaborating entity "NO-OP" for hierarchy "ALU:instAL|NO-OP:inst6"
Info (12128): Elaborating entity "TRIEDO" for hierarchy "ALU:instAL|NO-OP:inst6|TRIEDO:instX"
Info (12128): Elaborating entity "F-OR" for hierarchy "ALU:instAL|F-OR:inst2"
Info (12128): Elaborating entity "F-AND" for hierarchy "ALU:instAL|F-AND:inst9"
Info (12128): Elaborating entity "SUMA" for hierarchy "ALU:instAL|SUMA:instY"
Warning (275008): Primitive "GND" of instance "inst9" not used
Info (12128): Elaborating entity "SUMA1BIT" for hierarchy "ALU:instAL|SUMA:instY|SUMA1BIT:inst"
Info (12128): Elaborating entity "F-OT" for hierarchy "ALU:instAL|F-OT:inst10"
Info (12128): Elaborating entity "F-XOR" for hierarchy "ALU:instAL|F-XOR:inst5"
Info (12128): Elaborating entity "LOAD" for hierarchy "ALU:instAL|LOAD:inst8"
Info (12128): Elaborating entity "RESTA" for hierarchy "ALU:instAL|RESTA:instR"
Info (12128): Elaborating entity "COMPLE" for hierarchy "ALU:instAL|RESTA:instR|COMPLE:inst1"
Warning (275008): Primitive "GND" of instance "inst9" not used
Info (12128): Elaborating entity "CORRIMIENTO" for hierarchy "ALU:instAL|CORRIMIENTO:inst11"
Warning (275080): Converted elements in bus name "A" using legacy naming rules. Make any assignments on the new names, not on the original names.
    Warning (275081): Converted element name(s) from "A[7]" to "A7"
    Warning (275081): Converted element name(s) from "A[6]" to "A6"
    Warning (275081): Converted element name(s) from "A[5]" to "A5"
    Warning (275081): Converted element name(s) from "A[4]" to "A4"
    Warning (275081): Converted element name(s) from "A[3]" to "A3"
    Warning (275081): Converted element name(s) from "A[1]" to "A1"
    Warning (275081): Converted element name(s) from "A[0]" to "A0"
Warning (275080): Converted elements in bus name "A1" using legacy naming rules. Make any assignments on the new names, not on the original names.
    Warning (275081): Converted element name(s) from "A1[2]" to "A12"
Warning (275080): Converted elements in bus name "A" using legacy naming rules. Make any assignments on the new names, not on the original names.
    Warning (275081): Converted element name(s) from "A[7]" to "A7"
    Warning (275081): Converted element name(s) from "A[6]" to "A6"
    Warning (275081): Converted element name(s) from "A[5]" to "A5"
    Warning (275081): Converted element name(s) from "A[4]" to "A4"
    Warning (275081): Converted element name(s) from "A[3]" to "A3"
    Warning (275081): Converted element name(s) from "A[1]" to "A1"
    Warning (275081): Converted element name(s) from "A[0]" to "A0"
Warning (275080): Converted elements in bus name "A1" using legacy naming rules. Make any assignments on the new names, not on the original names.
    Warning (275081): Converted element name(s) from "A1[2]" to "A12"
Info (12128): Elaborating entity "CORRI" for hierarchy "ALU:instAL|CORRIMIENTO:inst11|CORRI:inst3"
Info (12128): Elaborating entity "CORR1" for hierarchy "ALU:instAL|CORRIMIENTO:inst11|CORR1:inst"
Warning (275008): Primitive "GND" of instance "inst1" not used
Info (12128): Elaborating entity "CORR2" for hierarchy "ALU:instAL|CORRIMIENTO:inst11|CORR2:inst1"
Warning (275008): Primitive "GND" of instance "inst1" not used
Info (12128): Elaborating entity "CORR3" for hierarchy "ALU:instAL|CORRIMIENTO:inst11|CORR3:inst4"
Warning (275008): Primitive "GND" of instance "inst1" not used
Info (12128): Elaborating entity "CORR4" for hierarchy "ALU:instAL|CORRIMIENTO:inst11|CORR4:inst5"
Warning (275080): Converted elements in bus name "A" using legacy naming rules. Make any assignments on the new names, not on the original names.
    Warning (275081): Converted element name(s) from "A[7]" to "A7"
    Warning (275081): Converted element name(s) from "A[5]" to "A5"
    Warning (275081): Converted element name(s) from "A[4]" to "A4"
    Warning (275081): Converted element name(s) from "A[3]" to "A3"
    Warning (275081): Converted element name(s) from "A[1]" to "A1"
    Warning (275081): Converted element name(s) from "A[0]" to "A0"
    Warning (275081): Converted element name(s) from "A[6]" to "A6"
Warning (275080): Converted elements in bus name "A1" using legacy naming rules. Make any assignments on the new names, not on the original names.
    Warning (275081): Converted element name(s) from "A1[2]" to "A12"
Warning (275009): Pin "A3" not connected
Warning (275009): Pin "A1" not connected
Warning (275009): Pin "A0" not connected
Warning (275009): Pin "A12" not connected
Warning (275008): Primitive "GND" of instance "inst1" not used
Info (12128): Elaborating entity "CORR5" for hierarchy "ALU:instAL|CORRIMIENTO:inst11|CORR5:inst6"
Warning (275008): Primitive "GND" of instance "inst1" not used
Info (12128): Elaborating entity "CORR6" for hierarchy "ALU:instAL|CORRIMIENTO:inst11|CORR6:inst7"
Warning (275083): Bus "A1[2]" found using same base name as "A", which might lead to a name conflict.
Warning (275080): Converted elements in bus name "A" using legacy naming rules. Make any assignments on the new names, not on the original names.
    Warning (275081): Converted element name(s) from "A[7]" to "A7"
    Warning (275081): Converted element name(s) from "A[5]" to "A5"
    Warning (275081): Converted element name(s) from "A[4]" to "A4"
    Warning (275081): Converted element name(s) from "A[3]" to "A3"
    Warning (275081): Converted element name(s) from "A[1]" to "A1"
    Warning (275081): Converted element name(s) from "A[0]" to "A0"
    Warning (275081): Converted element name(s) from "A[6]" to "A6"
Warning (275080): Converted elements in bus name "A1" using legacy naming rules. Make any assignments on the new names, not on the original names.
    Warning (275081): Converted element name(s) from "A1[2]" to "A12"
Warning (275009): Pin "A5" not connected
Warning (275009): Pin "A4" not connected
Warning (275009): Pin "A3" not connected
Warning (275009): Pin "A1" not connected
Warning (275009): Pin "A0" not connected
Warning (275009): Pin "A12" not connected
Warning (275008): Primitive "GND" of instance "inst1" not used
Info (12128): Elaborating entity "CORR7" for hierarchy "ALU:instAL|CORRIMIENTO:inst11|CORR7:inst8"
Warning (275008): Primitive "GND" of instance "inst1" not used
Info (12128): Elaborating entity "DIVCOMPL" for hierarchy "ALU:instAL|DIVCOMPL:inst4"
Warning (275080): Converted elements in bus name "A" using legacy naming rules. Make any assignments on the new names, not on the original names.
    Warning (275081): Converted element name(s) from "A[7]" to "A7"
    Warning (275081): Converted element name(s) from "A[6]" to "A6"
    Warning (275081): Converted element name(s) from "A[5]" to "A5"
    Warning (275081): Converted element name(s) from "A[4]" to "A4"
    Warning (275081): Converted element name(s) from "A[3]" to "A3"
    Warning (275081): Converted element name(s) from "A[1]" to "A1"
    Warning (275081): Converted element name(s) from "A[0]" to "A0"
Warning (275080): Converted elements in bus name "A1" using legacy naming rules. Make any assignments on the new names, not on the original names.
    Warning (275081): Converted element name(s) from "A1[2]" to "A12"
Warning (275080): Converted elements in bus name "A" using legacy naming rules. Make any assignments on the new names, not on the original names.
    Warning (275081): Converted element name(s) from "A[7]" to "A7"
    Warning (275081): Converted element name(s) from "A[6]" to "A6"
    Warning (275081): Converted element name(s) from "A[5]" to "A5"
    Warning (275081): Converted element name(s) from "A[4]" to "A4"
    Warning (275081): Converted element name(s) from "A[3]" to "A3"
    Warning (275081): Converted element name(s) from "A[1]" to "A1"
    Warning (275081): Converted element name(s) from "A[0]" to "A0"
Warning (275080): Converted elements in bus name "A1" using legacy naming rules. Make any assignments on the new names, not on the original names.
    Warning (275081): Converted element name(s) from "A1[2]" to "A12"
Info (12128): Elaborating entity "DIV" for hierarchy "ALU:instAL|DIVCOMPL:inst4|DIV:inst16"
Info (12128): Elaborating entity "REGPRO" for hierarchy "REGPRO:inst17"
Info (12128): Elaborating entity "GCM" for hierarchy "GCM:inst5"
Info (12128): Elaborating entity "memodatos" for hierarchy "memodatos:inst4"
Info (12128): Elaborating entity "cp" for hierarchy "cp:instA"
Info (12128): Elaborating entity "Memoins" for hierarchy "Memoins:inst3"
Warning (13027): Removed fan-outs from the following always-disabled I/O buffers
    Warning (13028): Removed fan-out from the always-disabled I/O buffer "ALU:instAL|DIVCOMPL:inst4|TRIEDO:inst12|inst2" to the node "ALU:instAL|DIVCOMPL:inst4|TRIEDO:inst15|inst2"
    Warning (13028): Removed fan-out from the always-disabled I/O buffer "ALU:instAL|DIVCOMPL:inst4|TRIEDO:inst12|inst1" to the node "ALU:instAL|DIVCOMPL:inst4|TRIEDO:inst15|inst1"
    Warning (13028): Removed fan-out from the always-disabled I/O buffer "ALU:instAL|DIVCOMPL:inst4|TRIEDO:inst13|inst1" to the node "ALU:instAL|DIVCOMPL:inst4|TRIEDO:inst15|inst1"
    Warning (13028): Removed fan-out from the always-disabled I/O buffer "ALU:instAL|DIVCOMPL:inst4|TRIEDO:inst12|inst" to the node "ALU:instAL|DIVCOMPL:inst4|TRIEDO:inst15|inst"
    Warning (13028): Removed fan-out from the always-disabled I/O buffer "ALU:instAL|DIVCOMPL:inst4|TRIEDO:inst13|inst" to the node "ALU:instAL|DIVCOMPL:inst4|TRIEDO:inst15|inst"
    Warning (13028): Removed fan-out from the always-disabled I/O buffer "ALU:instAL|DIVCOMPL:inst4|TRIEDO:inst14|inst" to the node "ALU:instAL|DIVCOMPL:inst4|TRIEDO:inst15|inst"
    Warning (13028): Removed fan-out from the always-disabled I/O buffer "ALU:instAL|DIVCOMPL:inst4|TRIEDO:inst12|inst7" to the node "ALU:instAL|DIVCOMPL:inst4|TRIEDO:inst15|inst7"
    Warning (13028): Removed fan-out from the always-disabled I/O buffer "ALU:instAL|DIVCOMPL:inst4|TRIEDO:inst13|inst7" to the node "ALU:instAL|DIVCOMPL:inst4|TRIEDO:inst15|inst7"
    Warning (13028): Removed fan-out from the always-disabled I/O buffer "ALU:instAL|DIVCOMPL:inst4|TRIEDO:inst14|inst7" to the node "ALU:instAL|DIVCOMPL:inst4|TRIEDO:inst15|inst7"
    Warning (13028): Removed fan-out from the always-disabled I/O buffer "ALU:instAL|DIVCOMPL:inst4|TRIEDO:inst12|inst6" to the node "ALU:instAL|DIVCOMPL:inst4|TRIEDO:inst15|inst6"
    Warning (13028): Removed fan-out from the always-disabled I/O buffer "ALU:instAL|DIVCOMPL:inst4|TRIEDO:inst13|inst6" to the node "ALU:instAL|DIVCOMPL:inst4|TRIEDO:inst15|inst6"
    Warning (13028): Removed fan-out from the always-disabled I/O buffer "ALU:instAL|DIVCOMPL:inst4|TRIEDO:inst14|inst6" to the node "ALU:instAL|DIVCOMPL:inst4|TRIEDO:inst15|inst6"
    Warning (13028): Removed fan-out from the always-disabled I/O buffer "ALU:instAL|DIVCOMPL:inst4|TRIEDO:inst12|inst5" to the node "ALU:instAL|DIVCOMPL:inst4|TRIEDO:inst15|inst5"
    Warning (13028): Removed fan-out from the always-disabled I/O buffer "ALU:instAL|DIVCOMPL:inst4|TRIEDO:inst13|inst5" to the node "ALU:instAL|DIVCOMPL:inst4|TRIEDO:inst15|inst5"
    Warning (13028): Removed fan-out from the always-disabled I/O buffer "ALU:instAL|DIVCOMPL:inst4|TRIEDO:inst14|inst5" to the node "ALU:instAL|DIVCOMPL:inst4|TRIEDO:inst15|inst5"
    Warning (13028): Removed fan-out from the always-disabled I/O buffer "ALU:instAL|DIVCOMPL:inst4|TRIEDO:inst12|inst4" to the node "ALU:instAL|DIVCOMPL:inst4|TRIEDO:inst15|inst4"
    Warning (13028): Removed fan-out from the always-disabled I/O buffer "ALU:instAL|DIVCOMPL:inst4|TRIEDO:inst13|inst4" to the node "ALU:instAL|DIVCOMPL:inst4|TRIEDO:inst15|inst4"
    Warning (13028): Removed fan-out from the always-disabled I/O buffer "ALU:instAL|DIVCOMPL:inst4|TRIEDO:inst14|inst4" to the node "ALU:instAL|DIVCOMPL:inst4|TRIEDO:inst15|inst4"
    Warning (13028): Removed fan-out from the always-disabled I/O buffer "ALU:instAL|DIVCOMPL:inst4|TRIEDO:inst12|inst3" to the node "ALU:instAL|DIVCOMPL:inst4|TRIEDO:inst15|inst3"
    Warning (13028): Removed fan-out from the always-disabled I/O buffer "ALU:instAL|DIVCOMPL:inst4|TRIEDO:inst13|inst3" to the node "ALU:instAL|DIVCOMPL:inst4|TRIEDO:inst15|inst3"
    Warning (13028): Removed fan-out from the always-disabled I/O buffer "ALU:instAL|DIVCOMPL:inst4|TRIEDO:inst14|inst3" to the node "ALU:instAL|DIVCOMPL:inst4|TRIEDO:inst15|inst3"
    Warning (13028): Removed fan-out from the always-disabled I/O buffer "ALU:instAL|DIVCOMPL:inst4|TRIEDO:inst13|inst2" to the node "ALU:instAL|DIVCOMPL:inst4|TRIEDO:inst15|inst2"
    Warning (13028): Removed fan-out from the always-disabled I/O buffer "ALU:instAL|DIVCOMPL:inst4|TRIEDO:inst14|inst2" to the node "ALU:instAL|DIVCOMPL:inst4|TRIEDO:inst15|inst2"
    Warning (13028): Removed fan-out from the always-disabled I/O buffer "ALU:instAL|DIVCOMPL:inst4|TRIEDO:inst14|inst1" to the node "ALU:instAL|DIVCOMPL:inst4|TRIEDO:inst15|inst1"
Warning (13050): Open-drain buffer(s) that do not directly drive top-level pin(s) are removed
    Warning (13051): Converted the fanout from the open-drain buffer "ALU:instAL|reset:inst7|inst" to the node "REGPRO:inst17|inst16" into a wire
Warning (13050): Open-drain buffer(s) that do not directly drive top-level pin(s) are removed
    Warning (13051): Converted the fanout from the open-drain buffer "ALU:instAL|CORRIMIENTO:inst11|TRIEDO:inst2|inst7" to the node "ALU:instAL|CORRIMIENTO:inst11|TRIEDO:inst15|inst7" into a wire
    Warning (13051): Converted the fanout from the open-drain buffer "ALU:instAL|DIVCOMPL:inst4|TRIEDO:inst2|inst7" to the node "ALU:instAL|DIVCOMPL:inst4|TRIEDO:inst15|inst7" into a wire
Warning (13046): Tri-state node(s) do not directly drive top-level pin(s)
    Warning (13047): Converted the fan-out from the tri-state buffer "ALU:instAL|NO-OP:inst6|TRIEDO:instX|inst7" to the node "REGPRO:inst18|inst22" into an OR gate
    Warning (13047): Converted the fan-out from the tri-state buffer "ALU:instAL|NO-OP:inst6|TRIEDO:instX|inst6" to the node "REGPRO:inst18|inst21" into an OR gate
    Warning (13047): Converted the fan-out from the tri-state buffer "ALU:instAL|NO-OP:inst6|TRIEDO:instX|inst5" to the node "REGPRO:inst18|inst20" into an OR gate
    Warning (13047): Converted the fan-out from the tri-state buffer "ALU:instAL|NO-OP:inst6|TRIEDO:instX|inst4" to the node "REGPRO:inst18|inst19" into an OR gate
    Warning (13047): Converted the fan-out from the tri-state buffer "ALU:instAL|NO-OP:inst6|TRIEDO:instX|inst3" to the node "REGPRO:inst18|inst18" into an OR gate
    Warning (13047): Converted the fan-out from the tri-state buffer "ALU:instAL|NO-OP:inst6|TRIEDO:instX|inst2" to the node "REGPRO:inst18|inst17" into an OR gate
    Warning (13047): Converted the fan-out from the tri-state buffer "ALU:instAL|NO-OP:inst6|TRIEDO:instX|inst1" to the node "REGPRO:inst18|inst16" into an OR gate
    Warning (13047): Converted the fan-out from the tri-state buffer "ALU:instAL|NO-OP:inst6|TRIEDO:instX|inst" to the node "REGPRO:inst18|inst" into an OR gate
    Warning (13047): Converted the fan-out from the tri-state buffer "ALU:instAL|CORRIMIENTO:inst11|TRIEDO:inst9|inst6" to the node "ALU:instAL|CORRIMIENTO:inst11|TRIEDO:inst15|inst6" into an OR gate
    Warning (13047): Converted the fan-out from the tri-state buffer "ALU:instAL|DIVCOMPL:inst4|TRIEDO:inst9|inst6" to the node "ALU:instAL|DIVCOMPL:inst4|TRIEDO:inst15|inst6" into an OR gate
    Warning (13047): Converted the fan-out from the tri-state buffer "ALU:instAL|CORRIMIENTO:inst11|TRIEDO:inst10|inst5" to the node "ALU:instAL|CORRIMIENTO:inst11|TRIEDO:inst15|inst5" into an OR gate
    Warning (13047): Converted the fan-out from the tri-state buffer "ALU:instAL|DIVCOMPL:inst4|TRIEDO:inst10|inst5" to the node "ALU:instAL|DIVCOMPL:inst4|TRIEDO:inst15|inst5" into an OR gate
    Warning (13047): Converted the fan-out from the tri-state buffer "ALU:instAL|CORRIMIENTO:inst11|TRIEDO:inst11|inst4" to the node "ALU:instAL|CORRIMIENTO:inst11|TRIEDO:inst15|inst4" into an OR gate
    Warning (13047): Converted the fan-out from the tri-state buffer "ALU:instAL|DIVCOMPL:inst4|TRIEDO:inst11|inst4" to the node "ALU:instAL|DIVCOMPL:inst4|TRIEDO:inst15|inst4" into an OR gate
    Warning (13047): Converted the fan-out from the tri-state buffer "ALU:instAL|CORRIMIENTO:inst11|TRIEDO:inst12|inst3" to the node "ALU:instAL|CORRIMIENTO:inst11|TRIEDO:inst15|inst3" into an OR gate
    Warning (13047): Converted the fan-out from the tri-state buffer "ALU:instAL|DIVCOMPL:inst4|TRIEDO:inst2|inst3" to the node "ALU:instAL|DIVCOMPL:inst4|TRIEDO:inst15|inst3" into an OR gate
    Warning (13047): Converted the fan-out from the tri-state buffer "ALU:instAL|CORRIMIENTO:inst11|TRIEDO:inst13|inst2" to the node "ALU:instAL|CORRIMIENTO:inst11|TRIEDO:inst15|inst2" into an OR gate
    Warning (13047): Converted the fan-out from the tri-state buffer "ALU:instAL|DIVCOMPL:inst4|TRIEDO:inst2|inst2" to the node "ALU:instAL|DIVCOMPL:inst4|TRIEDO:inst15|inst2" into an OR gate
    Warning (13047): Converted the fan-out from the tri-state buffer "ALU:instAL|CORRIMIENTO:inst11|TRIEDO:inst14|inst1" to the node "ALU:instAL|CORRIMIENTO:inst11|TRIEDO:inst15|inst1" into an OR gate
    Warning (13047): Converted the fan-out from the tri-state buffer "ALU:instAL|DIVCOMPL:inst4|TRIEDO:inst2|inst1" to the node "ALU:instAL|DIVCOMPL:inst4|TRIEDO:inst15|inst1" into an OR gate
    Warning (13047): Converted the fan-out from the tri-state buffer "ALU:instAL|CORRIMIENTO:inst11|TRIEDO:inst2|inst" to the node "ALU:instAL|CORRIMIENTO:inst11|TRIEDO:inst15|inst" into an OR gate
    Warning (13047): Converted the fan-out from the tri-state buffer "ALU:instAL|DIVCOMPL:inst4|TRIEDO:inst2|inst" to the node "ALU:instAL|DIVCOMPL:inst4|TRIEDO:inst15|inst" into an OR gate
Warning (13024): Output pins are stuck at VCC or GND
    Warning (13410): Pin "PREBA" is stuck at GND
    Warning (13410): Pin "insTt[7]" is stuck at GND
    Warning (13410): Pin "insTt[6]" is stuck at GND
    Warning (13410): Pin "insTt[5]" is stuck at GND
    Warning (13410): Pin "insTt[4]" is stuck at GND
    Warning (13410): Pin "pin_name2[7]" is stuck at GND
    Warning (13410): Pin "pin_name2[6]" is stuck at GND
    Warning (13410): Pin "pin_name2[5]" is stuck at GND
    Warning (13410): Pin "pin_name2[4]" is stuck at GND
Info (286030): Timing-Driven Synthesis is running
Info (16010): Generating hard_block partition "hard_block:auto_generated_inst"
    Info (16011): Adding 0 node(s), including 0 DDIO, 0 PLL, 0 transceiver and 0 LCELL
Info (21057): Implemented 232 device resources after synthesis - the final resource count might be different
    Info (21058): Implemented 1 input pins
    Info (21059): Implemented 34 output pins
    Info (21061): Implemented 197 logic cells
Info: Quartus Prime Analysis & Synthesis was successful. 0 errors, 145 warnings
    Info: Peak virtual memory: 4788 megabytes
    Info: Processing ended: Mon Sep 18 19:12:54 2023
    Info: Elapsed time: 00:00:27
    Info: Total CPU time (on all processors): 00:00:53


