Flow report for procesador
Mon Sep 18 19:14:20 2023
Quartus Prime Version 18.1.0 Build 625 09/12/2018 SJ Lite Edition


---------------------
; Table of Contents ;
---------------------
  1. Legal Notice
  2. Flow Summary
  3. Flow Settings
  4. Flow Non-Default Global Settings
  5. Flow Elapsed Time
  6. Flow OS Summary
  7. Flow Log
  8. Flow Messages
  9. Flow Suppressed Messages



----------------
; Legal Notice ;
----------------
Copyright (C) 2018  Intel Corporation. All rights reserved.
Your use of Intel Corporation's design tools, logic functions 
and other software and tools, and its AMPP partner logic 
functions, and any output files from any of the foregoing 
(including device programming or simulation files), and any 
associated documentation or information are expressly subject 
to the terms and conditions of the Intel Program License 
Subscription Agreement, the Intel Quartus Prime License Agreement,
the Intel FPGA IP License Agreement, or other applicable license
agreement, including, without limitation, that your use is for
the sole purpose of programming logic devices manufactured by
Intel and sold by Intel or its authorized distributors.  Please
refer to the applicable agreement for further details.



+----------------------------------------------------------------------------------+
; Flow Summary                                                                     ;
+------------------------------------+---------------------------------------------+
; Flow Status                        ; Successful - Mon Sep 18 19:14:20 2023       ;
; Quartus Prime Version              ; 18.1.0 Build 625 09/12/2018 SJ Lite Edition ;
; Revision Name                      ; procesador                                  ;
; Top-level Entity Name              ; Procesador                                  ;
; Family                             ; Cyclone IV E                                ;
; Device                             ; EP4CE6E22C7                                 ;
; Timing Models                      ; Final                                       ;
; Total logic elements               ; 194 / 6,272 ( 3 % )                         ;
;     Total combinational functions  ; 185 / 6,272 ( 3 % )                         ;
;     Dedicated logic registers      ; 37 / 6,272 ( < 1 % )                        ;
; Total registers                    ; 37                                          ;
; Total pins                         ; 35 / 92 ( 38 % )                            ;
; Total virtual pins                 ; 0                                           ;
; Total memory bits                  ; 0 / 276,480 ( 0 % )                         ;
; Embedded Multiplier 9-bit elements ; 0 / 30 ( 0 % )                              ;
; Total PLLs                         ; 0 / 2 ( 0 % )                               ;
+------------------------------------+---------------------------------------------+


+-----------------------------------------+
; Flow Settings                           ;
+-------------------+---------------------+
; Option            ; Setting             ;
+-------------------+---------------------+
; Start date & time ; 09/18/2023 19:12:29 ;
; Main task         ; Compilation         ;
; Revision Name     ; procesador          ;
+-------------------+---------------------+


+-----------------------------------------------------------------------------------------------------------------------------+
; Flow Non-Default Global Settings                                                                                            ;
+-------------------------------------+----------------------------------------+---------------+-------------+----------------+
; Assignment Name                     ; Value                                  ; Default Value ; Entity Name ; Section Id     ;
+-------------------------------------+----------------------------------------+---------------+-------------+----------------+
; COMPILER_SIGNATURE_ID               ; 46429888874821.169508594813840         ; --            ; --          ; --             ;
; EDA_OUTPUT_DATA_FORMAT              ; Vhdl                                   ; --            ; --          ; eda_simulation ;
; EDA_SIMULATION_TOOL                 ; ModelSim (VHDL)                        ; <None>        ; --          ; --             ;
; EDA_TIME_SCALE                      ; 1 ps                                   ; --            ; --          ; eda_simulation ;
; MAX_CORE_JUNCTION_TEMP              ; 85                                     ; --            ; --          ; --             ;
; MIN_CORE_JUNCTION_TEMP              ; 0                                      ; --            ; --          ; --             ;
; NOMINAL_CORE_SUPPLY_VOLTAGE         ; 1.2V                                   ; --            ; --          ; --             ;
; PARTITION_COLOR                     ; -- (Not supported for targeted family) ; --            ; Procesador  ; Top            ;
; PARTITION_FITTER_PRESERVATION_LEVEL ; -- (Not supported for targeted family) ; --            ; Procesador  ; Top            ;
; PARTITION_NETLIST_TYPE              ; -- (Not supported for targeted family) ; --            ; Procesador  ; Top            ;
; PROJECT_OUTPUT_DIRECTORY            ; output_files                           ; --            ; --          ; --             ;
+-------------------------------------+----------------------------------------+---------------+-------------+----------------+


+--------------------------------------------------------------------------------------------------------------------------+
; Flow Elapsed Time                                                                                                        ;
+----------------------+--------------+-------------------------+---------------------+------------------------------------+
; Module Name          ; Elapsed Time ; Average Processors Used ; Peak Virtual Memory ; Total CPU Time (on all processors) ;
+----------------------+--------------+-------------------------+---------------------+------------------------------------+
; Analysis & Synthesis ; 00:00:26     ; 1.0                     ; 4788 MB             ; 00:00:53                           ;
; Fitter               ; 00:00:12     ; 1.0                     ; 5220 MB             ; 00:00:13                           ;
; Assembler            ; 00:00:01     ; 1.0                     ; 4669 MB             ; 00:00:01                           ;
; Timing Analyzer      ; 00:00:07     ; 1.0                     ; 4724 MB             ; 00:00:05                           ;
; EDA Netlist Writer   ; 00:00:03     ; 1.0                     ; 4638 MB             ; 00:00:02                           ;
; EDA Netlist Writer   ; 00:00:01     ; 1.0                     ; 4621 MB             ; 00:00:01                           ;
; EDA Netlist Writer   ; 00:00:02     ; 1.0                     ; 4631 MB             ; 00:00:02                           ;
; Total                ; 00:00:52     ; --                      ; --                  ; 00:01:17                           ;
+----------------------+--------------+-------------------------+---------------------+------------------------------------+


+------------------------------------------------------------------------------------+
; Flow OS Summary                                                                    ;
+----------------------+------------------+------------+------------+----------------+
; Module Name          ; Machine Hostname ; OS Name    ; OS Version ; Processor type ;
+----------------------+------------------+------------+------------+----------------+
; Analysis & Synthesis ; Miguel-Lap       ; Windows 10 ; 10.0       ; x86_64         ;
; Fitter               ; Miguel-Lap       ; Windows 10 ; 10.0       ; x86_64         ;
; Assembler            ; Miguel-Lap       ; Windows 10 ; 10.0       ; x86_64         ;
; Timing Analyzer      ; Miguel-Lap       ; Windows 10 ; 10.0       ; x86_64         ;
; EDA Netlist Writer   ; Miguel-Lap       ; Windows 10 ; 10.0       ; x86_64         ;
; EDA Netlist Writer   ; Miguel-Lap       ; Windows 10 ; 10.0       ; x86_64         ;
; EDA Netlist Writer   ; Miguel-Lap       ; Windows 10 ; 10.0       ; x86_64         ;
+----------------------+------------------+------------+------------+----------------+


------------
; Flow Log ;
------------
quartus_map --read_settings_files=on --write_settings_files=off procesador -c procesador
quartus_fit --read_settings_files=off --write_settings_files=off procesador -c procesador
quartus_asm --read_settings_files=off --write_settings_files=off procesador -c procesador
quartus_sta procesador -c procesador
quartus_eda --read_settings_files=off --write_settings_files=off procesador -c procesador
quartus_eda --gen_testbench --tool=modelsim_oem --format=vhdl --write_settings_files=off procesador -c procesador --vector_source=C:/Users/Miguel/Desktop/Pro/Waveform15.vwf --testbench_file=C:/Users/Miguel/Desktop/Pro/simulation/qsim/Waveform15.vwf.vht
quartus_eda --write_settings_files=off --simulation=on --functional=on --flatten_buses=off --tool=modelsim_oem --format=vhdl --output_directory=C:/Users/Miguel/Desktop/Pro/simulation/qsim/ procesador -c procesador



